<?xml version="1.0" encoding="UTF-8"?>
<!-- Generated by org.testng.reporters.JUnitXMLReporter -->
<testsuite hostname="home" name="Default test" tests="6" failures="0" timestamp="25 Jul 2018 20:58:16 GMT" time="64.535" errors="0">
  <testcase name="beforetest" time="10.06" classname="com.execution.scripts.MainExecutionScripts"/>
  <testcase name="logintest" time="1.467" classname="com.execution.scripts.MainExecutionScripts"/>
  <testcase name="MyCoursesPageTest" time="18.28" classname="com.execution.scripts.MainExecutionScripts"/>
  <testcase name="logoutTest" time="2.577" classname="com.execution.scripts.MainExecutionScripts"/>
  <testcase name="blogsTest" time="5.181" classname="com.execution.scripts.MainExecutionScripts"/>
  <testcase name="EditProfessionalPageTest" time="25.84" classname="com.execution.scripts.MainExecutionScripts"/>
</testsuite> <!-- Default test -->
