<?xml version="1.0" encoding="UTF-8"?>
<testng-results skipped="0" failed="0" total="6" passed="6">
  <reporter-output>
  </reporter-output>
  <suite name="Default suite" duration-ms="64535" started-at="2018-07-25T20:57:12Z" finished-at="2018-07-25T20:58:16Z">
    <groups>
    </groups>
    <test name="Default test" duration-ms="64535" started-at="2018-07-25T20:57:12Z" finished-at="2018-07-25T20:58:16Z">
      <class name="com.execution.scripts.MainExecutionScripts">
        <test-method status="PASS" signature="preRequiste()[pri:0, instance:com.execution.scripts.MainExecutionScripts@735b5592]" name="preRequiste" is-config="true" duration-ms="632" started-at="2018-07-25T13:57:12Z" finished-at="2018-07-25T13:57:13Z">
          <reporter-output>
          </reporter-output>
        </test-method> <!-- preRequiste -->
        <test-method status="PASS" signature="beforetest()[pri:0, instance:com.execution.scripts.MainExecutionScripts@735b5592]" name="beforetest" duration-ms="10060" started-at="2018-07-25T13:57:13Z" finished-at="2018-07-25T13:57:23Z">
          <reporter-output>
          </reporter-output>
        </test-method> <!-- beforetest -->
        <test-method status="PASS" signature="preRequiste()[pri:0, instance:com.execution.scripts.MainExecutionScripts@735b5592]" name="preRequiste" is-config="true" duration-ms="104" started-at="2018-07-25T13:57:23Z" finished-at="2018-07-25T13:57:23Z">
          <reporter-output>
          </reporter-output>
        </test-method> <!-- preRequiste -->
        <test-method status="PASS" signature="logintest()[pri:0, instance:com.execution.scripts.MainExecutionScripts@735b5592]" name="logintest" duration-ms="1467" started-at="2018-07-25T13:57:23Z" finished-at="2018-07-25T13:57:24Z">
          <reporter-output>
          </reporter-output>
        </test-method> <!-- logintest -->
        <test-method status="PASS" signature="preRequiste()[pri:0, instance:com.execution.scripts.MainExecutionScripts@735b5592]" name="preRequiste" is-config="true" duration-ms="81" started-at="2018-07-25T13:57:24Z" finished-at="2018-07-25T13:57:24Z">
          <reporter-output>
          </reporter-output>
        </test-method> <!-- preRequiste -->
        <test-method status="PASS" signature="MyCoursesPageTest()[pri:0, instance:com.execution.scripts.MainExecutionScripts@735b5592]" name="MyCoursesPageTest" duration-ms="18280" started-at="2018-07-25T13:57:24Z" finished-at="2018-07-25T13:57:43Z">
          <reporter-output>
          </reporter-output>
        </test-method> <!-- MyCoursesPageTest -->
        <test-method status="PASS" signature="preRequiste()[pri:0, instance:com.execution.scripts.MainExecutionScripts@735b5592]" name="preRequiste" is-config="true" duration-ms="151" started-at="2018-07-25T13:57:43Z" finished-at="2018-07-25T13:57:43Z">
          <reporter-output>
          </reporter-output>
        </test-method> <!-- preRequiste -->
        <test-method status="PASS" signature="logoutTest()[pri:0, instance:com.execution.scripts.MainExecutionScripts@735b5592]" name="logoutTest" duration-ms="2577" started-at="2018-07-25T13:57:43Z" finished-at="2018-07-25T13:57:45Z">
          <reporter-output>
          </reporter-output>
        </test-method> <!-- logoutTest -->
        <test-method status="PASS" signature="preRequiste()[pri:0, instance:com.execution.scripts.MainExecutionScripts@735b5592]" name="preRequiste" is-config="true" duration-ms="58" started-at="2018-07-25T13:57:45Z" finished-at="2018-07-25T13:57:45Z">
          <reporter-output>
          </reporter-output>
        </test-method> <!-- preRequiste -->
        <test-method status="PASS" signature="blogsTest()[pri:0, instance:com.execution.scripts.MainExecutionScripts@735b5592]" name="blogsTest" duration-ms="5181" started-at="2018-07-25T13:57:45Z" finished-at="2018-07-25T13:57:50Z">
          <reporter-output>
          </reporter-output>
        </test-method> <!-- blogsTest -->
        <test-method status="PASS" signature="preRequiste()[pri:0, instance:com.execution.scripts.MainExecutionScripts@735b5592]" name="preRequiste" is-config="true" duration-ms="65" started-at="2018-07-25T13:57:50Z" finished-at="2018-07-25T13:57:51Z">
          <reporter-output>
          </reporter-output>
        </test-method> <!-- preRequiste -->
        <test-method status="PASS" signature="EditProfessionalPageTest()[pri:0, instance:com.execution.scripts.MainExecutionScripts@735b5592]" name="EditProfessionalPageTest" duration-ms="25840" started-at="2018-07-25T13:57:51Z" finished-at="2018-07-25T13:58:16Z">
          <reporter-output>
          </reporter-output>
        </test-method> <!-- EditProfessionalPageTest -->
      </class> <!-- com.execution.scripts.MainExecutionScripts -->
    </test> <!-- Default test -->
  </suite> <!-- Default suite -->
</testng-results>
